[2025-09-09 21:36:54] [INFO] AIOps智能运维平台部署开始
[2025-09-09 21:36:54] [INFO] 部署类型: docker
[2025-09-09 21:36:54] [INFO] 环境: development
[2025-09-09 21:36:54] [INFO] 日志文件: E:\workspace\gitea\aiops\logs\deployment-20250909-213654.log
[2025-09-09 21:36:54] [INFO] 开始环境检查...
[2025-09-09 21:36:55] [INFO] 系统资源检查:
[2025-09-09 21:36:55] [INFO]   CPU核心数: 20
[2025-09-09 21:36:55] [INFO]   总内存: 63.72GB
[2025-09-09 21:36:55] [INFO]   可用磁盘空间: 249.1GB
[2025-09-09 21:37:28] [WARN] Docker警告（可忽略）: WARNING: No blkio throttle.read_bps_device support
[2025-09-09 21:37:28] [SUCCESS] Docker环境检查通过
[2025-09-09 21:37:28] [INFO]   Docker版本: Docker version 28.3.3, build 980b856
[2025-09-09 21:37:28] [INFO]   Docker Compose版本: Docker Compose version v2.39.2-desktop.1
[2025-09-09 21:37:28] [SUCCESS] 环境检查完成
[2025-09-09 21:37:28] [INFO] 开始Docker部署...
[2025-09-09 21:37:28] [SUCCESS] Docker Compose配置已生成: E:\workspace\gitea\aiops\docker-compose.override.yml
[2025-09-09 21:37:28] [INFO] 拉取Docker镜像...
[2025-09-09 21:38:07] [ERROR] Docker部署失败: 镜像拉取失败
[2025-09-09 21:38:07] [INFO] 显示服务日志:
[2025-09-09 21:38:07] [ERROR] 部署失败: 镜像拉取失败
[2025-09-09 21:38:07] [ERROR] 详细错误信息请查看日志文件: E:\workspace\gitea\aiops\logs\deployment-20250909-213654.log
